
     ######################################################################
   ##########################################################################
  ###                                                                      ###
 ###            TINKER  ---  Software Tools for Molecular Design            ###
 ##                                                                          ##
 ##                          Version 8.2  June 2017                          ##
 ##                                                                          ##
 ##               Copyright (c)  Jay William Ponder  1990-2017               ##
 ###                           All Rights Reserved                          ###
  ###                                                                      ###
   ##########################################################################
     ######################################################################


 Intermolecular Energy :             -47.61096392 Kcal/mole

 Total Potential Energy :            -43.83343245 Kcal/mole

 Energy Component Breakdown :           Kcal/mole        Interactions

 Bond Stretching                       3.84540013               12
 Angle Bending                         0.06769025                6
 Urey-Bradley                         -0.13555890                6
 Van der Waals                        70.23875012              135
 Charge Transfer                     -11.61408697              135
 Atomic Multipoles                   -83.14016017              135
 Polarization                        -23.09546690              135
