
     ######################################################################
   ##########################################################################
  ###                                                                      ###
 ###            TINKER  ---  Software Tools for Molecular Design            ###
 ##                                                                          ##
 ##                          Version 8.2  June 2017                          ##
 ##                                                                          ##
 ##               Copyright (c)  Jay William Ponder  1990-2017               ##
 ###                           All Rights Reserved                          ###
  ###                                                                      ###
   ##########################################################################
     ######################################################################


 Intermolecular Energy :              -3.36069471 Kcal/mole

 Total Potential Energy :             -3.25034765 Kcal/mole

 Energy Component Breakdown :           Kcal/mole        Interactions

 Bond Stretching                       0.11374004                4
 Angle Bending                         0.00001221                2
 Urey-Bradley                         -0.00340519                2
 Van der Waals                         4.90535884                9
 Charge Transfer                      -0.54760600                9
 Atomic Multipoles                    -7.03688379                9
 Polarization                         -0.68156377                9
