
     ######################################################################
   ##########################################################################
  ###                                                                      ###
 ###            TINKER  ---  Software Tools for Molecular Design            ###
 ##                                                                          ##
 ##                          Version 8.2  June 2017                          ##
 ##                                                                          ##
 ##               Copyright (c)  Jay William Ponder  1990-2017               ##
 ###                           All Rights Reserved                          ###
  ###                                                                      ###
   ##########################################################################
     ######################################################################


 Intermolecular Energy :              -3.21145730 Kcal/mole

 Total Potential Energy :             -3.10110078 Kcal/mole

 Energy Component Breakdown :           Kcal/mole        Interactions

 Bond Stretching                       0.11374953                4
 Angle Bending                         0.00001226                2
 Urey-Bradley                         -0.00340527                2
 Van der Waals                         4.97327133                9
 Charge Transfer                      -0.53474196                9
 Atomic Multipoles                    -6.96665752                9
 Polarization                         -0.68332915                9
