
     ######################################################################
   ##########################################################################
  ###                                                                      ###
 ###            TINKER  ---  Software Tools for Molecular Design            ###
 ##                                                                          ##
 ##                          Version 8.2  June 2017                          ##
 ##                                                                          ##
 ##               Copyright (c)  Jay William Ponder  1990-2017               ##
 ###                           All Rights Reserved                          ###
  ###                                                                      ###
   ##########################################################################
     ######################################################################


 Intermolecular Energy :              -4.81498002 Kcal/mole

 Total Potential Energy :             -4.70463787 Kcal/mole

 Energy Component Breakdown :           Kcal/mole        Interactions

 Bond Stretching                       0.11373456                4
 Angle Bending                         0.00001228                2
 Urey-Bradley                         -0.00340469                2
 Van der Waals                         5.47742227                9
 Charge Transfer                      -0.81987907                9
 Atomic Multipoles                    -8.41842640                9
 Polarization                         -1.05409681                9
