
     ######################################################################
   ##########################################################################
  ###                                                                      ###
 ###            TINKER  ---  Software Tools for Molecular Design            ###
 ##                                                                          ##
 ##                          Version 8.2  June 2017                          ##
 ##                                                                          ##
 ##               Copyright (c)  Jay William Ponder  1990-2017               ##
 ###                           All Rights Reserved                          ###
  ###                                                                      ###
   ##########################################################################
     ######################################################################


 Intermolecular Energy :              -3.92178795 Kcal/mole

 Total Potential Energy :             -3.81144590 Kcal/mole

 Energy Component Breakdown :           Kcal/mole        Interactions

 Bond Stretching                       0.11373516                4
 Angle Bending                         0.00001217                2
 Urey-Bradley                         -0.00340527                2
 Van der Waals                         4.83545396                9
 Charge Transfer                      -0.58624173                9
 Atomic Multipoles                    -7.49264443                9
 Polarization                         -0.67835576                9
