
     ######################################################################
   ##########################################################################
  ###                                                                      ###
 ###            TINKER  ---  Software Tools for Molecular Design            ###
 ##                                                                          ##
 ##                          Version 8.2  June 2017                          ##
 ##                                                                          ##
 ##               Copyright (c)  Jay William Ponder  1990-2017               ##
 ###                           All Rights Reserved                          ###
  ###                                                                      ###
   ##########################################################################
     ######################################################################


 Intermolecular Energy :              -4.12023450 Kcal/mole

 Total Potential Energy :             -4.00989066 Kcal/mole

 Energy Component Breakdown :           Kcal/mole        Interactions

 Bond Stretching                       0.11373653                4
 Angle Bending                         0.00001225                2
 Urey-Bradley                         -0.00340494                2
 Van der Waals                         4.90695924                9
 Charge Transfer                      -0.71141822                9
 Atomic Multipoles                    -7.33818700                9
 Polarization                         -0.97758853                9
