
     ######################################################################
   ##########################################################################
  ###                                                                      ###
 ###            TINKER  ---  Software Tools for Molecular Design            ###
 ##                                                                          ##
 ##                          Version 8.2  June 2017                          ##
 ##                                                                          ##
 ##               Copyright (c)  Jay William Ponder  1990-2017               ##
 ###                           All Rights Reserved                          ###
  ###                                                                      ###
   ##########################################################################
     ######################################################################


 Intermolecular Energy :             -46.68093442 Kcal/mole

 Total Potential Energy :            -38.37252098 Kcal/mole

 Energy Component Breakdown :           Kcal/mole        Interactions

 Bond Stretching                       7.04961034               12
 Angle Bending                         1.26990893                6
 Urey-Bradley                         -0.01110582                6
 Van der Waals                        74.47212942              135
 Charge Transfer                     -13.63003231               75
 Atomic Multipoles                   -82.09830272              135
 Polarization                        -25.42472882              135
