
     ######################################################################
   ##########################################################################
  ###                                                                      ###
 ###            TINKER  ---  Software Tools for Molecular Design            ###
 ##                                                                          ##
 ##                          Version 8.2  June 2017                          ##
 ##                                                                          ##
 ##               Copyright (c)  Jay William Ponder  1990-2017               ##
 ###                           All Rights Reserved                          ###
  ###                                                                      ###
   ##########################################################################
     ######################################################################


 Intermolecular Energy :             -50.50923232 Kcal/mole

 Total Potential Energy :            -40.88569930 Kcal/mole

 Energy Component Breakdown :           Kcal/mole        Interactions

 Bond Stretching                       7.06646080               12
 Angle Bending                         2.58375983                6
 Urey-Bradley                         -0.02668761                6
 Van der Waals                        66.21685879              135
 Charge Transfer                     -11.66590944              123
 Atomic Multipoles                   -83.66969114              135
 Polarization                        -21.39049054              135
