
     ######################################################################
   ##########################################################################
  ###                                                                      ###
 ###            TINKER  ---  Software Tools for Molecular Design            ###
 ##                                                                          ##
 ##                          Version 8.2  June 2017                          ##
 ##                                                                          ##
 ##               Copyright (c)  Jay William Ponder  1990-2017               ##
 ###                           All Rights Reserved                          ###
  ###                                                                      ###
   ##########################################################################
     ######################################################################


 Intermolecular Energy :             -49.34832741 Kcal/mole

 Total Potential Energy :            -40.72672982 Kcal/mole

 Energy Component Breakdown :           Kcal/mole        Interactions

 Bond Stretching                       7.30429631               12
 Angle Bending                         1.33218096                6
 Urey-Bradley                         -0.01487968                6
 Van der Waals                        74.35976108              135
 Charge Transfer                     -13.52451232               95
 Atomic Multipoles                   -85.66719004              135
 Polarization                        -24.51638613              135
